<?xml version="1.0" encoding="UTF-8"?>
<testng-results ignored="0" total="1" passed="1" failed="0" skipped="0">
  <reporter-output>
  </reporter-output>
  <suite started-at="2021-03-15T20:56:56 GMT-07:00" name="Default suite" finished-at="2021-03-15T20:57:04 GMT-07:00" duration-ms="8718">
    <groups>
    </groups>
    <test started-at="2021-03-15T20:56:56 GMT-07:00" name="Default test" finished-at="2021-03-15T20:57:04 GMT-07:00" duration-ms="8718">
      <class name="BookMyShow.Book.BookMyShowClass">
        <test-method signature="f()[pri:0, instance:BookMyShow.Book.BookMyShowClass@1ed1993a]" started-at="2021-03-15T20:56:56 GMT-07:00" name="f" finished-at="2021-03-15T20:57:04 GMT-07:00" duration-ms="8622" status="PASS">
          <reporter-output>
          </reporter-output>
        </test-method> <!-- f -->
      </class> <!-- BookMyShow.Book.BookMyShowClass -->
    </test> <!-- Default test -->
  </suite> <!-- Default suite -->
</testng-results>
